<?xml version="1.0" encoding="UTF-8"?>
<testng-results ignored="1" total="4" passed="3" failed="0" skipped="0">
  <reporter-output>
  </reporter-output>
  <suite started-at="2021-11-17T17:52:42 IST" name="Suite" finished-at="2021-11-17T17:52:42 IST" duration-ms="114">
    <groups>
    </groups>
    <test started-at="2021-11-17T17:52:42 IST" name="Test" finished-at="2021-11-17T17:52:42 IST" duration-ms="114">
      <class name="testNGDemo.MobileLogin">
        <test-method signature="mobileLogin()[pri:0, instance:testNGDemo.MobileLogin@49d904ec]" started-at="2021-11-17T17:52:42 IST" name="mobileLogin" finished-at="2021-11-17T17:52:42 IST" duration-ms="2" status="PASS">
          <reporter-output>
          </reporter-output>
        </test-method> <!-- mobileLogin -->
      </class> <!-- testNGDemo.MobileLogin -->
      <class name="testNGDemo.WebLogin">
        <test-method signature="weblogin()[pri:0, instance:testNGDemo.WebLogin@1c93084c]" started-at="2021-11-17T17:52:42 IST" name="weblogin" finished-at="2021-11-17T17:52:42 IST" duration-ms="14" status="PASS">
          <reporter-output>
          </reporter-output>
        </test-method> <!-- weblogin -->
      </class> <!-- testNGDemo.WebLogin -->
      <class name="testNGDemo.Configuration">
        <test-method signature="checkConfi()[pri:0, instance:testNGDemo.Configuration@48e4374]" started-at="2021-11-17T17:52:42 IST" name="checkConfi" finished-at="2021-11-17T17:52:42 IST" duration-ms="2" status="PASS">
          <reporter-output>
          </reporter-output>
        </test-method> <!-- checkConfi -->
      </class> <!-- testNGDemo.Configuration -->
    </test> <!-- Test -->
  </suite> <!-- Suite -->
</testng-results>
