<?xml version="1.0" encoding="UTF-8"?>
<!-- Generated by org.testng.reporters.JUnitXMLReporter -->
<testsuite ignored="0" hostname="E1-571G" failures="0" tests="5" name="Default test" time="158.864" errors="0" timestamp="2021-11-17T15:29:11 IST">
  <testcase classname="TestNGmodule.TestNG.TestNGDemo1" name="validateLoginPanel" time="0.397"/>
  <testcase classname="TestNGmodule.TestNG.TestNGDemo1" name="validateRec" time="9.99"/>
  <testcase classname="TestNGmodule.TestNG.TestNGDemo1" name="validateRecord" time="9.568"/>
  <testcase classname="TestNGmodule.TestNG.TestNGDemo1" name="validateTitle" time="0.094"/>
  <testcase classname="TestNGmodule.TestNG.TestNGDemo1" name="validateUsername" time="0.067"/>
</testsuite> <!-- Default test -->
