<?xml version="1.0" encoding="UTF-8"?>
<testng-results ignored="0" total="1" passed="1" failed="0" skipped="0">
  <reporter-output>
  </reporter-output>
  <suite started-at="2021-11-24T14:53:02 IST" name="Default suite" finished-at="2021-11-24T14:53:27 IST" duration-ms="24674">
    <groups>
    </groups>
    <test started-at="2021-11-24T14:53:02 IST" name="Default test" finished-at="2021-11-24T14:53:27 IST" duration-ms="24674">
      <class name="APITesting.post_API_Test">
        <test-method signature="post_API()[pri:0, instance:APITesting.post_API_Test@1ed1993a]" started-at="2021-11-24T14:53:02 IST" name="post_API" finished-at="2021-11-24T14:53:27 IST" duration-ms="24577" status="PASS">
          <reporter-output>
          </reporter-output>
        </test-method> <!-- post_API -->
      </class> <!-- APITesting.post_API_Test -->
    </test> <!-- Default test -->
  </suite> <!-- Default suite -->
</testng-results>
