<?xml version="1.0" encoding="UTF-8"?>
<!-- Generated by org.testng.reporters.JUnitXMLReporter -->
<testsuite ignored="1" hostname="E1-571G" failures="0" tests="3" name="Test" time="0.114" errors="0" timestamp="2021-11-17T17:52:42 IST">
  <testcase classname="testNGDemo.WebLogin" name="weblogin" time="0.014"/>
  <testcase classname="testNGDemo.MobileLogin" name="mobileLogin" time="0.002"/>
  <testcase classname="testNGDemo.Configuration" name="checkConfi" time="0.002"/>
  <testcase classname="testNGDemo.WebLogin" name="passwordvalidation" time="0.0">
    <ignored/>
  </testcase> <!-- passwordvalidation -->
</testsuite> <!-- Test -->
